{"C:\\Users\\Administrator\\Desktop\\Testing-To-Do-list\\src\\tests\\__mock__\\todo.js": {"path":"C:\\Users\\Administrator\\Desktop\\Testing-To-Do-list\\src\\tests\\__mock__\\todo.js","statementMap":{"0":{"start":{"line":2,"column":16},"end":{"line":2,"column":18}},"1":{"start":{"line":3,"column":15},"end":{"line":7,"column":3}},"2":{"start":{"line":8,"column":2},"end":{"line":8,"column":19}},"3":{"start":{"line":9,"column":2},"end":{"line":9,"column":15}},"4":{"start":{"line":12,"column":19},"end":{"line":37,"column":1}},"5":{"start":{"line":13,"column":16},"end":{"line":34,"column":3}},"6":{"start":{"line":35,"column":2},"end":{"line":35,"column":25}},"7":{"start":{"line":36,"column":2},"end":{"line":36,"column":15}}},"fnMap":{"0":{"name":"addTask","decl":{"start":{"line":1,"column":9},"end":{"line":1,"column":16}},"loc":{"start":{"line":1,"column":30},"end":{"line":10,"column":1}},"line":1},"1":{"name":"(anonymous_1)","decl":{"start":{"line":12,"column":19},"end":{"line":12,"column":20}},"loc":{"start":{"line":12,"column":30},"end":{"line":37,"column":1}},"line":12}},"branchMap":{},"s":{"0":1,"1":1,"2":1,"3":1,"4":1,"5":1,"6":1,"7":1},"f":{"0":1,"1":1},"b":{},"_coverageSchema":"1a1c01bbd47fc00a2c39e90264f33305004495a9","hash":"81cd0ffc255f45bdc46b674760ea83b1d2e70c25"}
}
